<?xml version="1.0" encoding="UTF-8"?>
<!-- Generated by org.testng.reporters.JUnitReportReporter -->
<testsuite skipped="0" hostname="Lenovo-PC" name="com.test.ecli.Class2" tests="1" failures="0" timestamp="12 Jul 2020 06:29:41 GMT" time="0.042" errors="0">
  <testcase name="method1" time="0.042" classname="com.test.ecli.Class2"/>
</testsuite> <!-- com.test.ecli.Class2 -->
